[debug] [2023-12-22T22:01:11.705Z] ----------------------------------------------------------------------
[debug] [2023-12-22T22:01:11.709Z] Command:       C:\Program Files\nodejs\node.exe C:\Users\Arshad Ali\AppData\Roaming\npm\node_modules\firebase-tools\lib\bin\firebase.js init
[debug] [2023-12-22T22:01:11.709Z] CLI Version:   13.0.2
[debug] [2023-12-22T22:01:11.709Z] Platform:      win32
[debug] [2023-12-22T22:01:11.710Z] Node Version:  v20.10.0
[debug] [2023-12-22T22:01:11.710Z] Time:          Sat Dec 23 2023 03:01:11 GMT+0500 (Pakistan Standard Time)
[debug] [2023-12-22T22:01:11.710Z] ----------------------------------------------------------------------
[debug] 
[debug] [2023-12-22T22:01:11.719Z] > command requires scopes: ["email","openid","https://www.googleapis.com/auth/cloudplatformprojects.readonly","https://www.googleapis.com/auth/firebase","https://www.googleapis.com/auth/cloud-platform"]
[debug] [2023-12-22T22:01:11.720Z] > authorizing via signed-in user (powerpredesigner@gmail.com)
[info] 
     ######## #### ########  ######## ########     ###     ######  ########
     ##        ##  ##     ## ##       ##     ##  ##   ##  ##       ##
     ######    ##  ########  ######   ########  #########  ######  ######
     ##        ##  ##    ##  ##       ##     ## ##     ##       ## ##
     ##       #### ##     ## ######## ########  ##     ##  ######  ########

You're about to initialize a Firebase project in this directory:

  C:\Users\Arshad Ali\Desktop\SMIT Psc\Firebase-hosting-of-React-App\hosting

[info] 
=== Project Setup
[info] 
[info] First, let's associate this project directory with a Firebase project.
[info] You can create multiple project aliases by running firebase use --add, 
[info] but for now we'll just set up a default project.
[info] 
[info] i  If you want to create a project in a Google Cloud organization or folder, please use "firebase projects:create" instead, and return to this command when you've created the project. 
[debug] [2023-12-22T22:05:36.376Z] >>> [apiv2][query] POST https://cloudresourcemanager.googleapis.com/v1/projects [none]
[debug] [2023-12-22T22:05:36.390Z] >>> [apiv2][body] POST https://cloudresourcemanager.googleapis.com/v1/projects {"projectId":"my-first-react-cv","name":"build"}
[debug] [2023-12-22T22:05:38.436Z] <<< [apiv2][status] POST https://cloudresourcemanager.googleapis.com/v1/projects 409
[debug] [2023-12-22T22:05:38.437Z] <<< [apiv2][body] POST https://cloudresourcemanager.googleapis.com/v1/projects {"error":{"code":409,"message":"Requested entity already exists","status":"ALREADY_EXISTS"}}
[debug] [2023-12-22T22:05:39.070Z] FirebaseError: HTTP Error: 409, Requested entity already exists
    at responseToError (C:\Users\Arshad Ali\AppData\Roaming\npm\node_modules\firebase-tools\lib\responseToError.js:49:12)
    at RetryOperation._fn (C:\Users\Arshad Ali\AppData\Roaming\npm\node_modules\firebase-tools\lib\apiv2.js:292:77)
    at process.processTicksAndRejections (node:internal/process/task_queues:95:5)
[error] 
[error] Error: Failed to create project because there is already a project with ID my-first-react-cv. Please try again with a unique project ID.
